Arguments: 
  /usr/local/lib/node_modules/node/bin/node /usr/local/bin/yarn install

PATH: 
  /usr/bin:/bin:/usr/sbin:/sbin:/usr/local/bin

Yarn version: 
  1.1.0

Node version: 
  8.2.1

Platform: 
  darwin x64

npm manifest: 
  {
    "name": "fetchproject-blog",
    "version": "1.0.0",
    "description": "ACA Week 10 Fetch Project",
    "main": "script.jsx",
    "sourceType": "module",
    "scripts": {
      "test": "echo \"Error: no test specified\" && exit 1",
      "build": "webpack-dev-server",
      "deploy": "webpack"
    },
    "repository": {
      "type": "git",
      "url": "git+https://github.com/mxviteri/fetchProject.git"
    },
    "author": "",
    "license": "ISC",
    "bugs": {
      "url": "https://github.com/mxviteri/fetchProject/issues"
    },
    "homepage": "https://github.com/mxviteri/fetchProject#readme",
    "dependencies": {
      "babel-core": "^6.26.0",
      "babel-eslint": "^8.0.0",
      "babel-loader": "^7.1.2",
      "babel-preset-react": "^6.24.1",
      "css-loader": "^0.28.7",
      "eslint": "^4.6.1",
      "module": "^1.2.5",
      "moviedb": "^0.2.10",
      "react": "^15.6.1",
      "react-dom": "^15.6.1",
      "style-loader": "^0.18.2",
      "webpack": "^3.5.5",
      "webpack-dev-server": "^2.7.1"
    },
    "devDependencies": {
      "babel-install": "2.1.0"
    }
  }

yarn manifest: 
  No manifest

Lockfile: 
  No lockfile

Trace: 
  Error: getaddrinfo ENOTFOUND registry.yarnpkg.com registry.yarnpkg.com:443
      at errnoException (dns.js:50:10)
      at GetAddrInfoReqWrap.onlookup [as oncomplete] (dns.js:92:26)
